<?xml version="1.0" encoding="UTF-8"?>
<testng-results ignored="0" total="1" passed="1" failed="0" skipped="0">
  <reporter-output>
  </reporter-output>
  <suite started-at="2024-10-20T17:39:06 IST" name="Default suite" finished-at="2024-10-20T17:40:40 IST" duration-ms="94336">
    <groups>
    </groups>
    <test started-at="2024-10-20T17:39:06 IST" name="Default test" finished-at="2024-10-20T17:40:40 IST" duration-ms="94336">
      <class name="com.qa.alias.tests.TC001_verify_user_is_able_to_add_PDP_details_to_excel">
        <test-method is-config="true" signature="startAppiumServer()[pri:0, instance:com.qa.alias.tests.TC001_verify_user_is_able_to_add_PDP_details_to_excel@536f2a7e]" started-at="2024-10-20T17:38:08 IST" name="startAppiumServer" finished-at="2024-10-20T17:39:06 IST" duration-ms="57418" status="PASS">
          <reporter-output>
          </reporter-output>
        </test-method> <!-- startAppiumServer -->
        <test-method is-config="true" signature="openTheAppliaction()[pri:0, instance:com.qa.alias.tests.TC001_verify_user_is_able_to_add_PDP_details_to_excel@536f2a7e]" started-at="2024-10-20T17:39:06 IST" name="openTheAppliaction" finished-at="2024-10-20T17:39:40 IST" duration-ms="34127" status="PASS">
          <reporter-output>
          </reporter-output>
        </test-method> <!-- openTheAppliaction -->
        <test-method signature="verifyUserIsAbleToAddPDPDetailsToExcel()[pri:0, instance:com.qa.alias.tests.TC001_verify_user_is_able_to_add_PDP_details_to_excel@536f2a7e]" started-at="2024-10-20T17:39:40 IST" name="verifyUserIsAbleToAddPDPDetailsToExcel" finished-at="2024-10-20T17:40:38 IST" duration-ms="58622" status="PASS">
          <reporter-output>
          </reporter-output>
        </test-method> <!-- verifyUserIsAbleToAddPDPDetailsToExcel -->
        <test-method is-config="true" signature="tearDown()[pri:0, instance:com.qa.alias.tests.TC001_verify_user_is_able_to_add_PDP_details_to_excel@536f2a7e]" started-at="2024-10-20T17:40:38 IST" name="tearDown" finished-at="2024-10-20T17:40:40 IST" duration-ms="1532" status="PASS">
          <reporter-output>
          </reporter-output>
        </test-method> <!-- tearDown -->
        <test-method is-config="true" signature="stopAppiumServer()[pri:0, instance:com.qa.alias.tests.TC001_verify_user_is_able_to_add_PDP_details_to_excel@536f2a7e]" started-at="2024-10-20T17:40:40 IST" name="stopAppiumServer" finished-at="2024-10-20T17:40:40 IST" duration-ms="20" status="PASS">
          <reporter-output>
          </reporter-output>
        </test-method> <!-- stopAppiumServer -->
      </class> <!-- com.qa.alias.tests.TC001_verify_user_is_able_to_add_PDP_details_to_excel -->
    </test> <!-- Default test -->
  </suite> <!-- Default suite -->
</testng-results>
