<?xml version="1.0" encoding="UTF-8"?>
<testng-results ignored="0" total="1" passed="1" failed="0" skipped="0">
  <reporter-output>
  </reporter-output>
  <suite started-at="2024-10-21T12:18:23 IST" name="Default suite" finished-at="2024-10-21T12:19:46 IST" duration-ms="83208">
    <groups>
    </groups>
    <test started-at="2024-10-21T12:18:23 IST" name="Default test" finished-at="2024-10-21T12:19:46 IST" duration-ms="83208">
      <class name="com.qa.alias.tests.TC001_verify_user_is_able_to_add_PDP_details_to_excel">
        <test-method is-config="true" signature="startAppiumServer()[pri:0, instance:com.qa.alias.tests.TC001_verify_user_is_able_to_add_PDP_details_to_excel@536f2a7e]" started-at="2024-10-21T12:18:06 IST" name="startAppiumServer" finished-at="2024-10-21T12:18:23 IST" duration-ms="16127" status="PASS">
          <reporter-output>
          </reporter-output>
        </test-method> <!-- startAppiumServer -->
        <test-method is-config="true" signature="openTheAppliaction()[pri:0, instance:com.qa.alias.tests.TC001_verify_user_is_able_to_add_PDP_details_to_excel@536f2a7e]" started-at="2024-10-21T12:18:23 IST" name="openTheAppliaction" finished-at="2024-10-21T12:18:48 IST" duration-ms="25747" status="PASS">
          <reporter-output>
          </reporter-output>
        </test-method> <!-- openTheAppliaction -->
        <test-method signature="verifyUserIsAbleToAddPDPDetailsToExcel()[pri:0, instance:com.qa.alias.tests.TC001_verify_user_is_able_to_add_PDP_details_to_excel@536f2a7e]" started-at="2024-10-21T12:18:48 IST" name="verifyUserIsAbleToAddPDPDetailsToExcel" finished-at="2024-10-21T12:19:45 IST" duration-ms="56181" status="PASS">
          <reporter-output>
          </reporter-output>
        </test-method> <!-- verifyUserIsAbleToAddPDPDetailsToExcel -->
        <test-method is-config="true" signature="tearDown()[pri:0, instance:com.qa.alias.tests.TC001_verify_user_is_able_to_add_PDP_details_to_excel@536f2a7e]" started-at="2024-10-21T12:19:45 IST" name="tearDown" finished-at="2024-10-21T12:19:46 IST" duration-ms="1223" status="PASS">
          <reporter-output>
          </reporter-output>
        </test-method> <!-- tearDown -->
        <test-method is-config="true" signature="stopAppiumServer()[pri:0, instance:com.qa.alias.tests.TC001_verify_user_is_able_to_add_PDP_details_to_excel@536f2a7e]" started-at="2024-10-21T12:19:46 IST" name="stopAppiumServer" finished-at="2024-10-21T12:19:46 IST" duration-ms="15" status="PASS">
          <reporter-output>
          </reporter-output>
        </test-method> <!-- stopAppiumServer -->
      </class> <!-- com.qa.alias.tests.TC001_verify_user_is_able_to_add_PDP_details_to_excel -->
    </test> <!-- Default test -->
  </suite> <!-- Default suite -->
</testng-results>
